[2026-03-16 19:06:20] [WARN] Task queue not found. Creating empty queue.
[2026-03-16 20:32:05] [INFO] Self-improvement logged: Smoke test self-builder run once endpoint — manual review recommended.
[2026-03-16 20:32:05] [INFO] Deploying preview for: Task #1773711124: Smoke test self-builder run once endpoint
[2026-03-16 20:32:05] [INFO] Skipping commit (no git repo): AI-CTO #1773711124: Smoke test self-builder run once endpoint
[2026-03-16 20:32:05] [INFO] [DONE] Task #1773711124: Smoke test self-builder run once endpoint
[2026-03-17 21:46:13] [INFO] Generating feature: Implement new feature
[2026-03-17 21:46:13] [INFO] Generating feature: Implement new feature
[2026-03-17 21:46:13] [INFO] Deploying preview for: Task #1773714934167: Implement new feature
[2026-03-17 21:46:13] [INFO] Skipping commit (no git repo): AI-CTO #1773714934167: Implement new feature
[2026-03-17 21:46:13] [INFO] Skipping commit (no git repo): AI-CTO #1773714934167: Implement new feature
[2026-03-17 21:46:13] [INFO] [DONE] Task #1773714934167: Implement new feature
[2026-03-17 21:46:13] [INFO] [DONE] Task #1773714934167: Implement new feature
[2026-03-17 21:46:17] [INFO] Generating feature: Implement new feature
[2026-03-17 21:46:17] [INFO] Deploying preview for: Task #1773714934167: Implement new feature
[2026-03-17 21:46:17] [INFO] Skipping commit (no git repo): AI-CTO #1773714934167: Implement new feature
[2026-03-17 21:46:17] [INFO] [DONE] Task #1773714934167: Implement new feature
[2026-03-17 21:46:18] [INFO] Generating feature: Implement website builder capabilities: reusable sections, routing templates, lead forms, and analytics instrumentation.
[2026-03-17 21:46:18] [INFO] Deploying preview for: Task #1773801948103: Implement website builder capabilities: reusable sections, routing templates, lead forms, and analytics instrumentation.
[2026-03-17 21:46:18] [INFO] Skipping commit (no git repo): AI-CTO #1773801948103: Implement website builder capabilities: reusable sections, routing templates, lead forms, and analytics instrumentation.
[2026-03-17 21:46:18] [INFO] [DONE] Task #1773801948103: Implement website builder capabilities: reusable sections, routing templates, lead forms, and analytics instrumentation.
[2026-03-17 21:46:18] [INFO] Generating feature: Implement website builder capabilities: reusable sections, routing templates, lead forms, and analytics instrumentation.
[2026-03-17 21:46:18] [INFO] Deploying preview for: Task #1773801950156: Implement website builder capabilities: reusable sections, routing templates, lead forms, and analytics instrumentation.
[2026-03-17 21:46:18] [INFO] Skipping commit (no git repo): AI-CTO #1773801950156: Implement website builder capabilities: reusable sections, routing templates, lead forms, and analytics instrumentation.
[2026-03-17 21:46:18] [INFO] [DONE] Task #1773801950156: Implement website builder capabilities: reusable sections, routing templates, lead forms, and analytics instrumentation.
[2026-03-17 21:46:18] [INFO] Generating feature: Implement website builder capabilities: reusable sections, routing templates, lead forms, and analytics instrumentation.
[2026-03-17 21:46:18] [INFO] Deploying preview for: Task #1773801950317: Implement website builder capabilities: reusable sections, routing templates, lead forms, and analytics instrumentation.
[2026-03-17 21:46:18] [INFO] Skipping commit (no git repo): AI-CTO #1773801950317: Implement website builder capabilities: reusable sections, routing templates, lead forms, and analytics instrumentation.
[2026-03-17 21:46:18] [INFO] [DONE] Task #1773801950317: Implement website builder capabilities: reusable sections, routing templates, lead forms, and analytics instrumentation.
[2026-03-17 21:54:51] [INFO] Generating feature: Implement website builder capabilities: reusable sections, routing templates, lead forms, and analytics instrumentation.
[2026-03-17 21:54:51] [INFO] Generating feature: Implement website builder capabilities: reusable sections, routing templates, lead forms, and analytics instrumentation.
[2026-03-17 21:54:51] [INFO] Deploying preview for: Task #1773801950502: Implement website builder capabilities: reusable sections, routing templates, lead forms, and analytics instrumentation.
[2026-03-17 21:54:51] [INFO] Deploying preview for: Task #1773801950502: Implement website builder capabilities: reusable sections, routing templates, lead forms, and analytics instrumentation.
[2026-03-17 21:54:51] [INFO] Skipping commit (no git repo): AI-CTO #1773801950502: Implement website builder capabilities: reusable sections, routing templates, lead forms, and analytics instrumentation.
[2026-03-17 21:54:51] [INFO] Skipping commit (no git repo): AI-CTO #1773801950502: Implement website builder capabilities: reusable sections, routing templates, lead forms, and analytics instrumentation.
[2026-03-17 21:54:51] [INFO] [DONE] Task #1773801950502: Implement website builder capabilities: reusable sections, routing templates, lead forms, and analytics instrumentation.
[2026-03-17 21:54:51] [INFO] [DONE] Task #1773801950502: Implement website builder capabilities: reusable sections, routing templates, lead forms, and analytics instrumentation.
